{"level":"info","message":"EXEC SQL: \"SELECT * FROM fifa_user WHERE id = '1'\" 32ms","timestamp":"2018-05-08T10:41:23.157Z"}
{"level":"info","message":"GET /api/user?id=1 131ms","timestamp":"2018-05-08T10:41:23.159Z"}
{"level":"info","message":"EXEC SQL: \"SELECT * FROM fifa_user WHERE id = '1'\" 36ms","timestamp":"2018-05-09T02:46:38.976Z"}
{"level":"info","message":"GET /api/user?id=1 149ms","timestamp":"2018-05-09T02:46:38.981Z"}
{"level":"info","message":"EXEC SQL: \"SELECT * FROM fifa_user WHERE id = '1'\" 27ms","timestamp":"2018-05-09T03:41:25.739Z"}
{"level":"info","message":"GET /api/user?id=1 10126ms","timestamp":"2018-05-09T03:41:25.740Z"}
{"level":"info","message":"EXEC SQL: \"SELECT * FROM fifa_user WHERE id = '1'\" 27ms","timestamp":"2018-05-09T03:41:57.969Z"}
{"level":"info","message":"GET /api/user?id=1 57ms","timestamp":"2018-05-09T03:41:57.970Z"}
{"level":"info","message":"EXEC SQL: \"SELECT * FROM fifa_user WHERE id = '1'\" 32ms","timestamp":"2018-05-09T03:53:33.840Z"}
{"level":"info","message":"GET /api/user?id=1 10139ms","timestamp":"2018-05-09T03:53:33.840Z"}
{"level":"info","message":"EXEC SQL: \"SELECT * FROM fifa_user WHERE id = '1'\" 308ms","timestamp":"2018-05-09T03:54:03.834Z"}
{"level":"info","message":"GET /api/user?id=1 475ms","timestamp":"2018-05-09T03:54:03.836Z"}
{"level":"info","message":"EXEC SQL: \"SELECT * FROM fifa_user WHERE id = '1'\" 30ms","timestamp":"2018-05-09T06:30:08.262Z"}
{"level":"info","message":"GET /api/user?id=1 121ms","timestamp":"2018-05-09T06:30:08.263Z"}
{"level":"info","message":"EXEC SQL: \"SELECT * FROM fifa_user WHERE id = '1'\" 59ms","timestamp":"2018-05-09T06:30:13.860Z"}
{"level":"info","message":"GET /api/user?id=1 10096ms","timestamp":"2018-05-09T06:30:13.860Z"}
{"level":"info","message":"EXEC SQL: \"SELECT * FROM fifa_user WHERE id = '1'\" 31ms","timestamp":"2018-05-09T06:33:41.969Z"}
{"level":"info","message":"GET /api/user?id=1 65ms","timestamp":"2018-05-09T06:33:41.970Z"}
{"level":"info","message":"EXEC SQL: \"SELECT * FROM fifa_user WHERE id = '1'\" 30ms","timestamp":"2018-05-09T06:34:10.214Z"}
{"level":"info","message":"GET /api/user?id=1 64ms","timestamp":"2018-05-09T06:34:10.215Z"}
{"level":"info","message":"EXEC SQL: \"SELECT * FROM fifa_user WHERE id = '1'\" 30ms","timestamp":"2018-05-09T06:34:20.477Z"}
{"level":"info","message":"GET /api/user?id=1 63ms","timestamp":"2018-05-09T06:34:20.478Z"}
{"level":"info","message":"EXEC SQL: \"SELECT * FROM fifa_user WHERE id = '1'\" 50ms","timestamp":"2018-05-09T06:35:23.504Z"}
{"level":"info","message":"GET /api/user?id=1 89ms","timestamp":"2018-05-09T06:35:23.505Z"}
{"level":"info","message":"EXEC SQL: \"SELECT * FROM fifa_user WHERE id = '1'\" 55ms","timestamp":"2018-05-09T06:35:23.653Z"}
{"level":"info","message":"GET /api/user?id=1 197ms","timestamp":"2018-05-09T06:35:23.653Z"}
{"level":"info","message":"EXEC SQL: \"SELECT * FROM fifa_user WHERE id = '1'\" 81ms","timestamp":"2018-05-09T06:37:06.763Z"}
{"level":"info","message":"GET /api/user?id=1 222ms","timestamp":"2018-05-09T06:37:06.764Z"}
{"level":"info","message":"EXEC SQL: \"SELECT * FROM fifa_user WHERE id = '1'\" 40ms","timestamp":"2018-05-09T06:40:16.802Z"}
{"level":"info","message":"GET /api/user?id=1 10079ms","timestamp":"2018-05-09T06:40:16.803Z"}
{"level":"info","message":"EXEC SQL: \"SELECT * FROM fifa_user WHERE id = '1'\" 31ms","timestamp":"2018-05-09T06:41:35.922Z"}
{"level":"info","message":"GET /api/user?id=1 66ms","timestamp":"2018-05-09T06:41:35.922Z"}
{"level":"info","message":"EXEC SQL: \"SELECT * FROM fifa_user WHERE id = '1'\" 82ms","timestamp":"2018-05-09T06:43:58.591Z"}
{"level":"info","message":"GET /api/user?id=1 146ms","timestamp":"2018-05-09T06:43:58.593Z"}
{"level":"info","message":"EXEC SQL: \"SELECT * FROM fifa_user WHERE id = '1'\" 32ms","timestamp":"2018-05-09T06:45:55.498Z"}
{"level":"info","message":"GET /api/user?id=1 64ms","timestamp":"2018-05-09T06:45:55.499Z"}
{"level":"info","message":"EXEC SQL: \"SELECT * FROM fifa_user WHERE id = '1'\" 31ms","timestamp":"2018-05-09T06:46:12.490Z"}
{"level":"info","message":"GET /api/user?id=1 63ms","timestamp":"2018-05-09T06:46:12.490Z"}
{"level":"info","message":"EXEC SQL: \"SELECT * FROM fifa_user WHERE id = '1'\" 42ms","timestamp":"2018-05-09T06:48:56.527Z"}
{"level":"info","message":"GET /api/user?id=1 80ms","timestamp":"2018-05-09T06:48:56.527Z"}
{"level":"info","message":"EXEC SQL: \"SELECT * FROM fifa_user WHERE id = '1'\" 27ms","timestamp":"2018-05-09T06:55:50.998Z"}
{"level":"info","message":"GET /api/user?id=1 10109ms","timestamp":"2018-05-09T06:55:50.998Z"}
{"level":"info","message":"EXEC SQL: \"SELECT * FROM fifa_user WHERE id = '1'\" 27ms","timestamp":"2018-05-09T06:57:00.708Z"}
{"level":"info","message":"GET /api/user?id=1 62ms","timestamp":"2018-05-09T06:57:00.709Z"}
{"level":"info","message":"EXEC SQL: \"SELECT * FROM fifa_user WHERE id = '1'\" 61ms","timestamp":"2018-05-09T06:57:25.468Z"}
{"level":"info","message":"GET /api/user?id=1 95ms","timestamp":"2018-05-09T06:57:25.468Z"}
{"level":"info","message":"EXEC SQL: \"SELECT * FROM fifa_user WHERE id = '1'\" 68ms","timestamp":"2018-05-09T06:58:38.080Z"}
{"level":"info","message":"GET /api/user?id=1 116ms","timestamp":"2018-05-09T06:58:38.081Z"}
{"level":"info","message":"EXEC SQL: \"SELECT * FROM fifa_user WHERE id = '1'\" 28ms","timestamp":"2018-05-10T02:05:28.817Z"}
{"level":"info","message":"GET /api/user?id=1 10122ms","timestamp":"2018-05-10T02:05:28.818Z"}
{"level":"info","message":"EXEC SQL: \"SELECT * FROM fifa_user WHERE id = '1'\" 34ms","timestamp":"2018-05-10T02:06:15.733Z"}
{"level":"info","message":"GET /api/user?id=1 67ms","timestamp":"2018-05-10T02:06:15.733Z"}
{"level":"info","message":"EXEC SQL: \"SELECT * FROM fifa_admin_user WHERE user_name = 'yyd' AND password = 'e10adc3949ba59abbe56e057f20f883e' LIMIT 1\" 35ms","timestamp":"2018-05-14T07:43:18.040Z"}
{"level":"info","message":"GET /api/login?username=yyd&password=e10adc3949ba59abbe56e057f20f883e 154ms","timestamp":"2018-05-14T07:43:18.043Z"}
{"level":"info","message":"EXEC SQL: \"SELECT * FROM fifa_admin_user WHERE user_name = 'yyd' AND password = 'e10adc3949ba59abbe56e057f20f883e' LIMIT 1\" 438ms","timestamp":"2018-05-14T07:47:41.046Z"}
{"level":"info","message":"GET /api/login?username=yyd&password=e10adc3949ba59abbe56e057f20f883e 546ms","timestamp":"2018-05-14T07:47:41.053Z"}
{"level":"info","message":"EXEC SQL: \"SELECT * FROM fifa_admin_user WHERE user_name = 'yyd' AND password = 'e10adc3949ba59abbe56e057f20f883e' LIMIT 1\" 157ms","timestamp":"2018-05-14T07:49:55.341Z"}
{"level":"info","message":"GET /api/login?username=yyd&password=e10adc3949ba59abbe56e057f20f883e 2085ms","timestamp":"2018-05-14T07:49:55.344Z"}
{"level":"info","message":"EXEC SQL: \"SELECT * FROM fifa_admin_user WHERE user_name = 'yyd' AND password = 'e10adc3949ba59abbe56e057f20f883e' LIMIT 1\" 33ms","timestamp":"2018-05-14T07:56:00.169Z"}
{"level":"info","message":"GET /api/login?username=yyd&password=e10adc3949ba59abbe56e057f20f883e 122ms","timestamp":"2018-05-14T07:56:00.171Z"}
{"level":"info","message":"EXEC SQL: \"SELECT * FROM fifa_admin_user WHERE user_name = 'yyd' AND password = 'e10adc3949ba59abbe56e057f20f883e' LIMIT 1\" 34ms","timestamp":"2018-05-14T07:56:35.554Z"}
{"level":"info","message":"GET /api/login?username=yyd&password=e10adc3949ba59abbe56e057f20f883e 172ms","timestamp":"2018-05-14T07:56:35.556Z"}
{"level":"info","message":"EXEC SQL: \"SELECT * FROM fifa_admin_user WHERE user_name = 'yyd' AND password = 'e0b3c70bd3215b7e7785d0cae0c066cd' LIMIT 1\" 31ms","timestamp":"2018-05-14T07:59:14.422Z"}
{"level":"info","message":"GET /api/login?username=yyd&password=e0b3c70bd3215b7e7785d0cae0c066cd 124ms","timestamp":"2018-05-14T07:59:14.423Z"}
{"level":"info","message":"EXEC SQL: \"SELECT * FROM fifa_admin_user WHERE user_name = 'yyd' AND password = 'e985723791c29b052be40a90df87198e' LIMIT 1\" 30ms","timestamp":"2018-05-14T07:59:40.683Z"}
{"level":"info","message":"GET /api/login?username=yyd&password=e985723791c29b052be40a90df87198e 61ms","timestamp":"2018-05-14T07:59:40.684Z"}
{"level":"info","message":"EXEC SQL: \"SELECT * FROM fifa_admin_user WHERE user_name = 'yyd' AND password = 'e10adc3949ba59abbe56e057f20f883e' LIMIT 1\" 33ms","timestamp":"2018-05-14T07:59:46.353Z"}
{"level":"info","message":"GET /api/login?username=yyd&password=e10adc3949ba59abbe56e057f20f883e 65ms","timestamp":"2018-05-14T07:59:46.354Z"}
{"level":"info","message":"EXEC SQL: \"SELECT * FROM fifa_admin_user WHERE user_name = 'yyd' AND password = 'e10adc3949ba59abbe56e057f20f883e' LIMIT 1\" 29ms","timestamp":"2018-05-14T08:49:11.931Z"}
{"level":"info","message":"GET /api/login?username=yyd&password=e10adc3949ba59abbe56e057f20f883e 10122ms","timestamp":"2018-05-14T08:49:11.933Z"}
{"level":"info","message":"EXEC SQL: \"SELECT * FROM fifa_admin_user WHERE user_name = 'yyd' AND password = 'e10adc3949ba59abbe56e057f20f883e' LIMIT 1\" 29ms","timestamp":"2018-05-14T08:49:48.526Z"}
{"level":"info","message":"GET /api/login?username=yyd&password=e10adc3949ba59abbe56e057f20f883e 59ms","timestamp":"2018-05-14T08:49:48.526Z"}
{"level":"info","message":"GET /api/prize/list?page=1&count=50 6ms","timestamp":"2018-05-14T10:31:58.882Z"}
{"level":"info","message":"EXEC SQL: \"SELECT count(*) as recordCount FROM fifa_prize\" 81ms","timestamp":"2018-05-14T10:57:46.655Z"}
{"level":"info","message":"EXEC SQL: \"SELECT * FROM fifa_prize WHERE LIMIT 0, 50\" 630ms","timestamp":"2018-05-14T10:57:47.287Z"}
{"level":"error","message":"getPrize error: Error: ER_PARSE_ERROR: You have an error in your SQL syntax; check the manual that corresponds to your MariaDB server version for the right syntax to use near 'LIMIT 0, 50' at line 1","timestamp":"2018-05-14T10:57:47.287Z"}
{"level":"info","message":"GET /api/prize/list?page=1&count=50 1320ms","timestamp":"2018-05-14T10:57:47.288Z"}
{"level":"info","message":"EXEC SQL: \"SELECT count(*) as recordCount FROM fifa_prize\" 175ms","timestamp":"2018-05-14T10:59:38.206Z"}
{"level":"info","message":"EXEC SQL: \"SELECT * FROM fifa_prize LIMIT 0, 50\" 82ms","timestamp":"2018-05-14T10:59:38.290Z"}
{"level":"info","message":"GET /api/prize/list?page=1&count=50 658ms","timestamp":"2018-05-14T10:59:38.291Z"}
{"level":"info","message":"EXEC SQL: \"SELECT count(*) as recordCount FROM fifa_prize\" 30ms","timestamp":"2018-05-14T11:03:21.166Z"}
{"level":"info","message":"EXEC SQL: \"SELECT * FROM fifa_prize LIMIT 0, 50\" 29ms","timestamp":"2018-05-14T11:03:21.196Z"}
{"level":"info","message":"GET /api/prize/list?page=1 132ms","timestamp":"2018-05-14T11:03:21.196Z"}
{"level":"info","message":"EXEC SQL: \"SELECT count(*) as recordCount FROM fifa_prize\" 39ms","timestamp":"2018-05-14T11:04:36.965Z"}
{"level":"info","message":"EXEC SQL: \"SELECT * FROM fifa_prize LIMIT 0, 50\" 30ms","timestamp":"2018-05-14T11:04:36.995Z"}
{"level":"info","message":"GET /api/prize/list?page=1 197ms","timestamp":"2018-05-14T11:04:36.995Z"}
{"level":"info","message":"EXEC SQL: \"SELECT count(*) as recordCount FROM fifa_prize\" 32ms","timestamp":"2018-05-14T11:04:36.998Z"}
{"level":"info","message":"EXEC SQL: \"SELECT * FROM fifa_prize LIMIT 0, 50\" 33ms","timestamp":"2018-05-14T11:04:37.031Z"}
{"level":"info","message":"GET /api/prize/list?page=1 223ms","timestamp":"2018-05-14T11:04:37.031Z"}
{"level":"info","message":"EXEC SQL: \"SELECT count(*) as recordCount FROM fifa_prize\" 29ms","timestamp":"2018-05-14T11:05:28.198Z"}
{"level":"info","message":"EXEC SQL: \"SELECT * FROM fifa_prize LIMIT 0, 50\" 30ms","timestamp":"2018-05-14T11:05:28.228Z"}
{"level":"info","message":"GET /api/prize/list?page=1 91ms","timestamp":"2018-05-14T11:05:28.229Z"}
{"level":"info","message":"EXEC SQL: \"SELECT count(*) as recordCount FROM fifa_prize\" 29ms","timestamp":"2018-05-14T11:05:45.900Z"}
{"level":"info","message":"EXEC SQL: \"SELECT count(*) as recordCount FROM fifa_prize\" 32ms","timestamp":"2018-05-14T11:05:45.901Z"}
{"level":"info","message":"EXEC SQL: \"SELECT * FROM fifa_prize LIMIT 0, 50\" 29ms","timestamp":"2018-05-14T11:05:45.929Z"}
{"level":"info","message":"GET /api/prize/list?page=1 87ms","timestamp":"2018-05-14T11:05:45.929Z"}
{"level":"info","message":"EXEC SQL: \"SELECT * FROM fifa_prize LIMIT 0, 50\" 33ms","timestamp":"2018-05-14T11:05:45.935Z"}
{"level":"info","message":"GET /api/prize/list?page=1 100ms","timestamp":"2018-05-14T11:05:45.936Z"}
{"level":"info","message":"EXEC SQL: \"SELECT count(*) as recordCount FROM fifa_prize\" 65ms","timestamp":"2018-05-14T11:06:33.314Z"}
{"level":"info","message":"EXEC SQL: \"SELECT count(*) as recordCount FROM fifa_prize\" 67ms","timestamp":"2018-05-14T11:06:33.316Z"}
{"level":"info","message":"EXEC SQL: \"SELECT count(*) as recordCount FROM fifa_prize\" 53ms","timestamp":"2018-05-14T11:06:33.357Z"}
{"level":"info","message":"EXEC SQL: \"SELECT * FROM fifa_prize LIMIT 0, 50\" 44ms","timestamp":"2018-05-14T11:06:33.360Z"}
{"level":"info","message":"GET /api/prize/list?page=1 342ms","timestamp":"2018-05-14T11:06:33.361Z"}
{"level":"info","message":"EXEC SQL: \"SELECT * FROM fifa_prize LIMIT 0, 50\" 46ms","timestamp":"2018-05-14T11:06:33.362Z"}
{"level":"info","message":"GET /api/prize/list?page=1 339ms","timestamp":"2018-05-14T11:06:33.363Z"}
{"level":"info","message":"EXEC SQL: \"SELECT * FROM fifa_prize LIMIT 0, 50\" 29ms","timestamp":"2018-05-14T11:06:33.386Z"}
{"level":"info","message":"GET /api/prize/list?page=1 201ms","timestamp":"2018-05-14T11:06:33.386Z"}
{"level":"info","message":"EXEC SQL: \"SELECT count(*) as recordCount FROM fifa_prize\" 84ms","timestamp":"2018-05-14T11:07:24.158Z"}
{"level":"info","message":"EXEC SQL: \"SELECT * FROM fifa_prize LIMIT 0, 50\" 33ms","timestamp":"2018-05-14T11:07:24.191Z"}
{"level":"info","message":"GET /api/prize/list?page=1 151ms","timestamp":"2018-05-14T11:07:24.191Z"}
{"level":"info","message":"EXEC SQL: \"SELECT count(*) as recordCount FROM fifa_prize\" 30ms","timestamp":"2018-05-14T11:07:24.218Z"}
{"level":"info","message":"EXEC SQL: \"SELECT * FROM fifa_prize LIMIT 0, 50\" 29ms","timestamp":"2018-05-14T11:07:24.248Z"}
{"level":"info","message":"GET /api/prize/list?page=1 89ms","timestamp":"2018-05-14T11:07:24.248Z"}
{"level":"info","message":"EXEC SQL: \"SELECT count(*) as recordCount FROM fifa_prize\" 33ms","timestamp":"2018-05-14T11:07:34.113Z"}
{"level":"info","message":"EXEC SQL: \"SELECT * FROM fifa_prize LIMIT 0, 50\" 33ms","timestamp":"2018-05-14T11:07:34.146Z"}
{"level":"info","message":"GET /api/prize/list?page=1 10105ms","timestamp":"2018-05-14T11:07:34.146Z"}
{"level":"info","message":"EXEC SQL: \"SELECT count(*) as recordCount FROM fifa_prize\" 30ms","timestamp":"2018-05-14T11:07:56.545Z"}
{"level":"info","message":"EXEC SQL: \"SELECT * FROM fifa_prize LIMIT 0, 50\" 33ms","timestamp":"2018-05-14T11:07:56.578Z"}
{"level":"info","message":"GET /api/prize/list?page=1 93ms","timestamp":"2018-05-14T11:07:56.579Z"}
{"level":"info","message":"EXEC SQL: \"SELECT count(*) as recordCount FROM fifa_prize\" 32ms","timestamp":"2018-05-14T11:08:41.128Z"}
{"level":"info","message":"EXEC SQL: \"SELECT count(*) as recordCount FROM fifa_prize\" 28ms","timestamp":"2018-05-14T11:08:41.129Z"}
{"level":"info","message":"EXEC SQL: \"SELECT * FROM fifa_prize LIMIT 0, 50\" 30ms","timestamp":"2018-05-14T11:08:41.159Z"}
{"level":"info","message":"GET /api/prize/list?page=1 90ms","timestamp":"2018-05-14T11:08:41.159Z"}
{"level":"info","message":"EXEC SQL: \"SELECT * FROM fifa_prize LIMIT 0, 50\" 32ms","timestamp":"2018-05-14T11:08:41.160Z"}
{"level":"info","message":"GET /api/prize/list?page=1 103ms","timestamp":"2018-05-14T11:08:41.161Z"}
{"level":"info","message":"EXEC SQL: \"SELECT count(*) as recordCount FROM fifa_prize\" 29ms","timestamp":"2018-05-14T11:08:49.925Z"}
{"level":"info","message":"EXEC SQL: \"SELECT * FROM fifa_prize LIMIT 0, 50\" 30ms","timestamp":"2018-05-14T11:08:49.955Z"}
{"level":"info","message":"GET /api/prize/list?page=1 88ms","timestamp":"2018-05-14T11:08:49.955Z"}
{"level":"info","message":"EXEC SQL: \"SELECT count(*) as recordCount FROM fifa_prize\" 32ms","timestamp":"2018-05-14T11:10:07.026Z"}
{"level":"info","message":"EXEC SQL: \"SELECT * FROM fifa_prize LIMIT 0, 50\" 32ms","timestamp":"2018-05-14T11:10:07.058Z"}
{"level":"info","message":"GET /api/prize/list?page=1 98ms","timestamp":"2018-05-14T11:10:07.059Z"}
{"level":"info","message":"EXEC SQL: \"SELECT count(*) as recordCount FROM fifa_prize\" 64ms","timestamp":"2018-05-14T11:11:12.918Z"}
{"level":"info","message":"EXEC SQL: \"SELECT * FROM fifa_prize LIMIT 0, 50\" 53ms","timestamp":"2018-05-14T11:11:13.005Z"}
{"level":"info","message":"GET /api/prize/list?page=1 183ms","timestamp":"2018-05-14T11:11:13.006Z"}
{"level":"info","message":"EXEC SQL: \"SELECT count(*) as recordCount FROM fifa_prize\" 31ms","timestamp":"2018-05-14T11:11:16.159Z"}
{"level":"info","message":"EXEC SQL: \"SELECT * FROM fifa_prize LIMIT 0, 50\" 32ms","timestamp":"2018-05-14T11:11:16.192Z"}
{"level":"info","message":"GET /api/prize/list?page=1 98ms","timestamp":"2018-05-14T11:11:16.192Z"}
{"level":"info","message":"EXEC SQL: \"SELECT count(*) as recordCount FROM fifa_prize\" 421ms","timestamp":"2018-05-14T11:12:47.559Z"}
{"level":"info","message":"EXEC SQL: \"SELECT count(*) as recordCount FROM fifa_prize\" 421ms","timestamp":"2018-05-14T11:12:47.560Z"}
{"level":"info","message":"EXEC SQL: \"SELECT * FROM fifa_prize LIMIT 0, 50\" 120ms","timestamp":"2018-05-14T11:12:47.679Z"}
{"level":"info","message":"GET /api/prize/list?page=1 1268ms","timestamp":"2018-05-14T11:12:47.679Z"}
{"level":"info","message":"EXEC SQL: \"SELECT * FROM fifa_prize LIMIT 0, 50\" 120ms","timestamp":"2018-05-14T11:12:47.680Z"}
{"level":"info","message":"GET /api/prize/list?page=1 1269ms","timestamp":"2018-05-14T11:12:47.681Z"}
{"level":"info","message":"EXEC SQL: \"SELECT count(*) as recordCount FROM fifa_prize\" 29ms","timestamp":"2018-05-14T11:13:37.781Z"}
{"level":"info","message":"EXEC SQL: \"SELECT * FROM fifa_prize LIMIT 0, 50\" 29ms","timestamp":"2018-05-14T11:13:37.811Z"}
{"level":"info","message":"GET /api/prize/list?page=1 90ms","timestamp":"2018-05-14T11:13:37.813Z"}
